[debug] [2023-03-28T17:40:40.360Z] ----------------------------------------------------------------------
[debug] [2023-03-28T17:40:40.362Z] Command:       C:\Program Files\nodejs\node.exe C:\Users\bimap\AppData\Roaming\npm\node_modules\firebase-tools\lib\bin\firebase.js init
[debug] [2023-03-28T17:40:40.362Z] CLI Version:   11.16.1
[debug] [2023-03-28T17:40:40.362Z] Platform:      win32
[debug] [2023-03-28T17:40:40.362Z] Node Version:  v16.15.0
[debug] [2023-03-28T17:40:40.367Z] Time:          Wed Mar 29 2023 00:40:40 GMT+0700 (Western Indonesia Time)
[debug] [2023-03-28T17:40:40.367Z] ----------------------------------------------------------------------
[debug] 
[debug] [2023-03-28T17:40:40.451Z] Field ".storage.rules" in "firebase.json" is possibly invalid: should be string
[debug] [2023-03-28T17:40:40.451Z] Field ".storage" in "firebase.json" is possibly invalid: should be array
[debug] [2023-03-28T17:40:40.451Z] Field ".storage" in "firebase.json" is possibly invalid: should match some schema in anyOf
[debug] [2023-03-28T17:40:40.459Z] > command requires scopes: ["email","openid","https://www.googleapis.com/auth/cloudplatformprojects.readonly","https://www.googleapis.com/auth/firebase","https://www.googleapis.com/auth/cloud-platform"]
[debug] [2023-03-28T17:40:40.460Z] > authorizing via signed-in user (jatip6769@gmail.com)
[debug] [2023-03-28T17:40:40.460Z] Field ".storage.rules" in "firebase.json" is possibly invalid: should be string
[debug] [2023-03-28T17:40:40.461Z] Field ".storage" in "firebase.json" is possibly invalid: should be array
[debug] [2023-03-28T17:40:40.461Z] Field ".storage" in "firebase.json" is possibly invalid: should match some schema in anyOf
[info] 
     ######## #### ########  ######## ########     ###     ######  ########
     ##        ##  ##     ## ##       ##     ##  ##   ##  ##       ##
     ######    ##  ########  ######   ########  #########  ######  ######
     ##        ##  ##    ##  ##       ##     ## ##     ##       ## ##
     ##       #### ##     ## ######## ########  ##     ##  ######  ########

You're about to initialize a Firebase project in this directory:

  C:\Users\bimap\OneDrive\Dokumen\Website Film\myapp

Before we get started, keep in mind:

  * You are initializing within an existing Firebase project directory

[debug] [2023-03-28T17:42:18.639Z] ----------------------------------------------------------------------
[debug] [2023-03-28T17:42:18.641Z] Command:       C:\Program Files\nodejs\node.exe C:\Users\bimap\AppData\Roaming\npm\node_modules\firebase-tools\lib\bin\firebase.js deploy --only storage
[debug] [2023-03-28T17:42:18.641Z] CLI Version:   11.16.1
[debug] [2023-03-28T17:42:18.641Z] Platform:      win32
[debug] [2023-03-28T17:42:18.641Z] Node Version:  v16.15.0
[debug] [2023-03-28T17:42:18.642Z] Time:          Wed Mar 29 2023 00:42:18 GMT+0700 (Western Indonesia Time)
[debug] [2023-03-28T17:42:18.642Z] ----------------------------------------------------------------------
[debug] 
[debug] [2023-03-28T17:42:18.707Z] Field ".storage.rules" in "firebase.json" is possibly invalid: should be string
[debug] [2023-03-28T17:42:18.707Z] Field ".storage" in "firebase.json" is possibly invalid: should be array
[debug] [2023-03-28T17:42:18.707Z] Field ".storage" in "firebase.json" is possibly invalid: should match some schema in anyOf
[debug] [2023-03-28T17:42:18.712Z] > command requires scopes: ["email","openid","https://www.googleapis.com/auth/cloudplatformprojects.readonly","https://www.googleapis.com/auth/firebase","https://www.googleapis.com/auth/cloud-platform"]
[debug] [2023-03-28T17:42:18.712Z] > authorizing via signed-in user (jatip6769@gmail.com)
[debug] [2023-03-28T17:42:18.712Z] [iam] checking project go-watch-97d7a for permissions ["firebase.projects.get","firebaserules.releases.create","firebaserules.releases.update","firebaserules.rulesets.create"]
[debug] [2023-03-28T17:42:18.713Z] > refreshing access token with scopes: []
[debug] [2023-03-28T17:42:18.715Z] >>> [apiv2][query] POST https://www.googleapis.com/oauth2/v3/token [none]
[debug] [2023-03-28T17:42:18.715Z] >>> [apiv2][body] POST https://www.googleapis.com/oauth2/v3/token [omitted]
[debug] [2023-03-28T17:42:19.008Z] <<< [apiv2][status] POST https://www.googleapis.com/oauth2/v3/token 200
[debug] [2023-03-28T17:42:19.009Z] <<< [apiv2][body] POST https://www.googleapis.com/oauth2/v3/token [omitted]
[debug] [2023-03-28T17:42:19.032Z] >>> [apiv2][query] POST https://cloudresourcemanager.googleapis.com/v1/projects/go-watch-97d7a:testIamPermissions [none]
[debug] [2023-03-28T17:42:19.032Z] >>> [apiv2][(partial)header] POST https://cloudresourcemanager.googleapis.com/v1/projects/go-watch-97d7a:testIamPermissions x-goog-quota-user=projects/go-watch-97d7a
[debug] [2023-03-28T17:42:19.033Z] >>> [apiv2][body] POST https://cloudresourcemanager.googleapis.com/v1/projects/go-watch-97d7a:testIamPermissions {"permissions":["firebase.projects.get","firebaserules.releases.create","firebaserules.releases.update","firebaserules.rulesets.create"]}
[debug] [2023-03-28T17:42:20.269Z] <<< [apiv2][status] POST https://cloudresourcemanager.googleapis.com/v1/projects/go-watch-97d7a:testIamPermissions 200
[debug] [2023-03-28T17:42:20.270Z] <<< [apiv2][body] POST https://cloudresourcemanager.googleapis.com/v1/projects/go-watch-97d7a:testIamPermissions {"permissions":["firebase.projects.get","firebaserules.releases.create","firebaserules.releases.update","firebaserules.rulesets.create"]}
[info] 
[info] === Deploying to 'go-watch-97d7a'...
[info] 
[info] i  deploying storage 
[debug] [2023-03-28T17:42:20.282Z] >>> [apiv2][query] GET https://appengine.googleapis.com/v1/apps/go-watch-97d7a [none]
[debug] [2023-03-28T17:42:20.965Z] <<< [apiv2][status] GET https://appengine.googleapis.com/v1/apps/go-watch-97d7a 200
[debug] [2023-03-28T17:42:20.965Z] <<< [apiv2][body] GET https://appengine.googleapis.com/v1/apps/go-watch-97d7a {"name":"apps/go-watch-97d7a","id":"go-watch-97d7a","authDomain":"gmail.com","locationId":"us-central","codeBucket":"staging.go-watch-97d7a.appspot.com","servingStatus":"SERVING","defaultHostname":"go-watch-97d7a.uc.r.appspot.com","defaultBucket":"go-watch-97d7a.appspot.com","serviceAccount":"go-watch-97d7a@appspot.gserviceaccount.com","gcrDomain":"us.gcr.io","databaseType":"CLOUD_FIRESTORE","featureSettings":{"splitHealthChecks":true,"useContainerOptimizedOs":true}}
[debug] [2023-03-28T17:42:21.261Z] TypeError [ERR_INVALID_ARG_TYPE]: The "path" argument must be of type string. Received an instance of Array
    at new NodeError (node:internal/errors:372:5)
    at validateString (node:internal/validators:120:11)
    at Object.join (node:path:429:7)
    at Config.path (C:\Users\bimap\AppData\Roaming\npm\node_modules\firebase-tools\lib\config.js:123:45)
    at RulesDeploy.addFile (C:\Users\bimap\AppData\Roaming\npm\node_modules\firebase-tools\lib\rulesDeploy.js:37:46)
    at default_1 (C:\Users\bimap\AppData\Roaming\npm\node_modules\firebase-tools\lib\deploy\storage\prepare.js:39:25)
    at processTicksAndRejections (node:internal/process/task_queues:96:5)
    at async chain (C:\Users\bimap\AppData\Roaming\npm\node_modules\firebase-tools\lib\deploy\index.js:35:9)
    at async deploy (C:\Users\bimap\AppData\Roaming\npm\node_modules\firebase-tools\lib\deploy\index.js:79:5)
[error] 
[error] Error: An unexpected error has occurred.
